{"/Users/lian.jiangopendoor.com/repo/cookiecutter-remix/my/app/libs/prisma.ts": {"path":"/Users/lian.jiangopendoor.com/repo/cookiecutter-remix/my/app/libs/prisma.ts","all":false,"statementMap":{"0":{"start":{"line":1,"column":0},"end":{"line":1,"column":45}},"1":{"start":{"line":2,"column":0},"end":{"line":2,"column":0}},"2":{"start":{"line":3,"column":0},"end":{"line":3,"column":33}},"3":{"start":{"line":4,"column":0},"end":{"line":4,"column":21}}},"s":{"0":1,"1":1,"2":1,"3":1},"branchMap":{},"b":{},"fnMap":{},"f":{}}
}
