{"total": {"lines":{"total":43,"covered":29,"skipped":0,"pct":67.44},"statements":{"total":43,"covered":29,"skipped":0,"pct":67.44},"functions":{"total":4,"covered":1,"skipped":0,"pct":25},"branches":{"total":2,"covered":2,"skipped":0,"pct":100},"branchesTrue":{"total":0,"covered":0,"skipped":0,"pct":100}}
,"/Users/lian.jiangopendoor.com/repo/cookiecutter-remix/my/app/libs/__mocks__/prisma.ts": {"lines":{"total":10,"covered":10,"skipped":0,"pct":100},"functions":{"total":0,"covered":0,"skipped":0,"pct":100},"statements":{"total":10,"covered":10,"skipped":0,"pct":100},"branches":{"total":1,"covered":1,"skipped":0,"pct":100}}
,"/Users/lian.jiangopendoor.com/repo/cookiecutter-remix/my/app/routes/user.ts": {"lines":{"total":29,"covered":15,"skipped":0,"pct":51.72},"functions":{"total":4,"covered":1,"skipped":0,"pct":25},"statements":{"total":29,"covered":15,"skipped":0,"pct":51.72},"branches":{"total":1,"covered":1,"skipped":0,"pct":100}}
,"/Users/lian.jiangopendoor.com/repo/cookiecutter-remix/my/prisma/prisma_client.ts": {"lines":{"total":4,"covered":4,"skipped":0,"pct":100},"functions":{"total":0,"covered":0,"skipped":0,"pct":100},"statements":{"total":4,"covered":4,"skipped":0,"pct":100},"branches":{"total":0,"covered":0,"skipped":0,"pct":100}}
}
